<?xml version="1.0" encoding="UTF-8"?>
<testng-results ignored="0" total="1" passed="1" failed="0" skipped="0">
  <reporter-output>
  </reporter-output>
  <suite started-at="2023-04-27T10:00:58 IST" name="Default suite" finished-at="2023-04-27T10:00:58 IST" duration-ms="47">
    <groups>
    </groups>
    <test started-at="2023-04-27T10:00:58 IST" name="Default test" finished-at="2023-04-27T10:00:58 IST" duration-ms="47">
      <class name="test1">
        <test-method signature="f()[pri:0, instance:test1@56cdfb3b]" started-at="2023-04-27T10:00:58 IST" name="f" finished-at="2023-04-27T10:00:58 IST" duration-ms="9" status="PASS">
          <reporter-output>
          </reporter-output>
        </test-method> <!-- f -->
      </class> <!-- test1 -->
    </test> <!-- Default test -->
  </suite> <!-- Default suite -->
</testng-results>
